  raudio.c
E:\RedEngine\raylib-master\src\external\jar_xm.h(143,18): warning C4018: '<': signed/unsigned mismatch
E:\RedEngine\raylib-master\src\external\jar_xm.h(144,50): warning C4244: '=': conversion from 'float' to 'short', possible loss of data
E:\RedEngine\raylib-master\src\external\jar_xm.h(162,18): warning C4018: '<': signed/unsigned mismatch
E:\RedEngine\raylib-master\src\external\jar_xm.h(163,50): warning C4244: '=': conversion from 'float' to 'char', possible loss of data
E:\RedEngine\raylib-master\src\external\jar_xm.h(1463,64): warning C4244: '=': conversion from 'uint16_t' to 'uint8_t', possible loss of data
E:\RedEngine\raylib-master\src\external\jar_xm.h(1476,1): warning C4244: 'initializing': conversion from 'float' to 'unsigned int', possible loss of data
E:\RedEngine\raylib-master\src\external\jar_xm.h(1478,1): warning C4244: 'initializing': conversion from 'float' to 'int8_t', possible loss of data
E:\RedEngine\raylib-master\src\external\jar_xm.h(1749,47): warning C4244: '=': conversion from 'uint32_t' to 'float', possible loss of data
E:\RedEngine\raylib-master\src\external\jar_xm.h(1784,70): warning C4244: 'function': conversion from 'int' to 'float', possible loss of data
E:\RedEngine\raylib-master\src\external\jar_xm.h(2237,65): warning C4244: 'function': conversion from 'int' to 'float', possible loss of data
E:\RedEngine\raylib-master\src\external\jar_xm.h(2372,90): warning C4244: '=': conversion from 'double' to 'float', possible loss of data
E:\RedEngine\raylib-master\src\external\jar_xm.h(2569,48): warning C4244: '+=': conversion from 'float' to 'uint64_t', possible loss of data
E:\RedEngine\raylib-master\src\external\jar_xm.h(2629,43): warning C4018: '<': signed/unsigned mismatch
E:\RedEngine\raylib-master\src\raudio.c(1926,63): warning C4244: '=': conversion from 'drwav_uint64' to 'unsigned int', possible loss of data
  core.c
  models.c
E:\RedEngine\raylib-master\src\external\par_shapes.h(273,1): warning C4244: 'initializing': conversion from 'double' to 'float', possible loss of data
E:\RedEngine\raylib-master\src\external\par_shapes.h(305,54): warning C4305: 'function': truncation from 'double' to 'float'
E:\RedEngine\raylib-master\src\external\par_shapes.h(335,43): warning C4305: 'function': truncation from 'double' to 'float'
E:\RedEngine\raylib-master\src\external\par_shapes.h(346,43): warning C4305: 'function': truncation from 'double' to 'float'
E:\RedEngine\raylib-master\src\external\par_shapes.h(534,1): warning C4244: 'initializing': conversion from 'double' to 'float', possible loss of data
E:\RedEngine\raylib-master\src\external\par_shapes.h(535,1): warning C4244: 'initializing': conversion from 'double' to 'float', possible loss of data
E:\RedEngine\raylib-master\src\external\par_shapes.h(543,1): warning C4244: 'initializing': conversion from 'double' to 'float', possible loss of data
E:\RedEngine\raylib-master\src\external\par_shapes.h(544,1): warning C4244: 'initializing': conversion from 'double' to 'float', possible loss of data
E:\RedEngine\raylib-master\src\external\par_shapes.h(568,28): warning C4244: 'function': conversion from 'double' to 'float', possible loss of data
E:\RedEngine\raylib-master\src\external\par_shapes.h(559,1): warning C4244: 'initializing': conversion from 'double' to 'float', possible loss of data
E:\RedEngine\raylib-master\src\external\par_shapes.h(560,1): warning C4244: 'initializing': conversion from 'double' to 'float', possible loss of data
E:\RedEngine\raylib-master\src\external\par_shapes.h(576,1): warning C4244: 'initializing': conversion from 'double' to 'float', possible loss of data
E:\RedEngine\raylib-master\src\external\par_shapes.h(586,1): warning C4244: 'initializing': conversion from 'double' to 'float', possible loss of data
E:\RedEngine\raylib-master\src\external\par_shapes.h(587,1): warning C4244: 'initializing': conversion from 'double' to 'float', possible loss of data
E:\RedEngine\raylib-master\src\external\par_shapes.h(609,78): warning C4244: '=': conversion from 'double' to 'float', possible loss of data
E:\RedEngine\raylib-master\src\external\par_shapes.h(611,78): warning C4244: '=': conversion from 'double' to 'float', possible loss of data
E:\RedEngine\raylib-master\src\external\par_shapes.h(612,36): warning C4244: '=': conversion from 'double' to 'float', possible loss of data
E:\RedEngine\raylib-master\src\external\par_shapes.h(618,56): warning C4244: '=': conversion from 'double' to 'float', possible loss of data
E:\RedEngine\raylib-master\src\external\par_shapes.h(619,56): warning C4244: '=': conversion from 'double' to 'float', possible loss of data
E:\RedEngine\raylib-master\src\external\par_shapes.h(620,36): warning C4244: '=': conversion from 'double' to 'float', possible loss of data
E:\RedEngine\raylib-master\src\external\par_shapes.h(601,1): warning C4244: 'initializing': conversion from 'double' to 'const float', possible loss of data
E:\RedEngine\raylib-master\src\external\par_shapes.h(602,1): warning C4244: 'initializing': conversion from 'double' to 'const float', possible loss of data
E:\RedEngine\raylib-master\src\external\par_shapes.h(603,1): warning C4244: 'initializing': conversion from 'double' to 'const float', possible loss of data
E:\RedEngine\raylib-master\src\external\par_shapes.h(604,1): warning C4244: 'initializing': conversion from 'double' to 'const float', possible loss of data
E:\RedEngine\raylib-master\src\external\par_shapes.h(605,1): warning C4244: 'initializing': conversion from 'double' to 'const float', possible loss of data
E:\RedEngine\raylib-master\src\external\par_shapes.h(606,1): warning C4244: 'initializing': conversion from 'double' to 'const float', possible loss of data
E:\RedEngine\raylib-master\src\external\par_shapes.h(670,40): warning C4244: '=': conversion from 'double' to 'float', possible loss of data
E:\RedEngine\raylib-master\src\external\par_shapes.h(671,40): warning C4244: '=': conversion from 'double' to 'float', possible loss of data
E:\RedEngine\raylib-master\src\external\par_shapes.h(695,45): warning C4244: 'function': conversion from 'double' to 'float', possible loss of data
E:\RedEngine\raylib-master\src\external\par_shapes.h(669,1): warning C4244: 'initializing': conversion from 'double' to 'float', possible loss of data
E:\RedEngine\raylib-master\src\external\par_shapes.h(805,1): warning C4305: 'initializing': truncation from 'double' to 'float'
E:\RedEngine\raylib-master\src\external\par_shapes.h(853,1): warning C4305: 'initializing': truncation from 'double' to 'float'
E:\RedEngine\raylib-master\src\external\par_shapes.h(953,1): warning C4305: 'initializing': truncation from 'double' to 'float'
E:\RedEngine\raylib-master\src\external\par_shapes.h(1284,35): warning C4244: '=': conversion from 'double' to 'float', possible loss of data
E:\RedEngine\raylib-master\src\external\par_shapes.h(1286,65): warning C4244: 'function': conversion from 'double' to 'float', possible loss of data
E:\RedEngine\raylib-master\src\external\par_shapes.h(1288,65): warning C4244: 'function': conversion from 'double' to 'float', possible loss of data
E:\RedEngine\raylib-master\src\external\par_shapes.h(1290,65): warning C4244: 'function': conversion from 'double' to 'float', possible loss of data
E:\RedEngine\raylib-master\src\external\par_shapes.h(1447,38): warning C4305: 'function': truncation from 'double' to 'float'
E:\RedEngine\raylib-master\src\external\par_shapes.h(1464,27): warning C4244: '*=': conversion from 'double' to 'float', possible loss of data
E:\RedEngine\raylib-master\src\external\par_shapes.h(1465,23): warning C4244: '*=': conversion from 'double' to 'float', possible loss of data
E:\RedEngine\raylib-master\src\external\par_shapes.h(1466,27): warning C4244: '*=': conversion from 'double' to 'float', possible loss of data
E:\RedEngine\raylib-master\src\external\par_shapes.h(1468,42): warning C4244: '=': conversion from 'double' to 'float', possible loss of data
E:\RedEngine\raylib-master\src\external\par_shapes.h(1748,43): warning C4244: 'function': conversion from 'double' to 'float', possible loss of data
E:\RedEngine\raylib-master\src\external\par_shapes.h(1748,59): warning C4244: 'function': conversion from 'double' to 'float', possible loss of data
E:\RedEngine\raylib-master\src\external\par_shapes.h(1748,75): warning C4244: 'function': conversion from 'double' to 'float', possible loss of data
E:\RedEngine\raylib-master\src\external\par_shapes.h(1717,1): warning C4244: 'initializing': conversion from 'int' to 'float', possible loss of data
E:\RedEngine\raylib-master\src\models.c(3002,26): warning C4018: '<': signed/unsigned mismatch
E:\RedEngine\raylib-master\src\models.c(3003,30): warning C4018: '<': signed/unsigned mismatch
  rglfw.c
  shapes.c
  text.c
  textures.c
E:\RedEngine\raylib-master\src\textures.c(809,29): warning C4244: '=': conversion from 'float' to 'int', possible loss of data
E:\RedEngine\raylib-master\src\textures.c(810,31): warning C4244: '=': conversion from 'float' to 'int', possible loss of data
E:\RedEngine\raylib-master\src\textures.c(811,19): warning C4244: 'function': conversion from 'float' to 'size_t', possible loss of data
E:\RedEngine\raylib-master\src\textures.c(847,55): warning C4244: 'function': conversion from 'float' to 'size_t', possible loss of data
E:\RedEngine\raylib-master\src\textures.c(1440,32): warning C4244: '=': conversion from 'int' to 'float', possible loss of data
E:\RedEngine\raylib-master\src\textures.c(1444,88): warning C4244: '=': conversion from 'int' to 'float', possible loss of data
E:\RedEngine\raylib-master\src\textures.c(1448,32): warning C4244: '=': conversion from 'int' to 'float', possible loss of data
E:\RedEngine\raylib-master\src\textures.c(1452,92): warning C4244: '=': conversion from 'int' to 'float', possible loss of data
E:\RedEngine\raylib-master\src\textures.c(1454,61): warning C4244: '=': conversion from 'int' to 'float', possible loss of data
E:\RedEngine\raylib-master\src\textures.c(1455,65): warning C4244: '=': conversion from 'int' to 'float', possible loss of data
E:\RedEngine\raylib-master\src\textures.c(1435,1): warning C4244: 'initializing': conversion from 'int' to 'float', possible loss of data
E:\RedEngine\raylib-master\src\textures.c(1436,1): warning C4244: 'initializing': conversion from 'int' to 'float', possible loss of data
E:\RedEngine\raylib-master\src\textures.c(2590,65): warning C4244: '=': conversion from 'int' to 'float', possible loss of data
E:\RedEngine\raylib-master\src\textures.c(2591,69): warning C4244: '=': conversion from 'int' to 'float', possible loss of data
E:\RedEngine\raylib-master\src\textures.c(2625,116): warning C4244: 'function': conversion from 'float' to 'size_t', possible loss of data
E:\RedEngine\raylib-master\src\textures.c(2567,1): warning C4244: 'initializing': conversion from 'int' to 'float', possible loss of data
E:\RedEngine\raylib-master\src\textures.c(3077,1): warning C4244: 'initializing': conversion from 'float' to 'int', possible loss of data
E:\RedEngine\raylib-master\src\textures.c(3090,1): warning C4244: 'initializing': conversion from 'int' to 'float', possible loss of data
E:\RedEngine\raylib-master\src\textures.c(3106,1): warning C4244: 'initializing': conversion from 'int' to 'float', possible loss of data
E:\RedEngine\raylib-master\src\textures.c(3125,1): warning C4244: 'initializing': conversion from 'int' to 'float', possible loss of data
E:\RedEngine\raylib-master\src\textures.c(3131,1): warning C4244: 'initializing': conversion from 'int' to 'float', possible loss of data
E:\RedEngine\raylib-master\src\textures.c(3142,1): warning C4244: 'initializing': conversion from 'int' to 'float', possible loss of data
  utils.c
  Generating Code...
  raylib.vcxproj -> E:\RedEngine\InfraRED\\bin\Win32\Debug\raylib.lib
