e:\redengine\infrared\obj\win32\debug\raylib.pdb
e:\redengine\infrared\obj\win32\debug\raylib.idb
e:\redengine\infrared\obj\win32\debug\utils.obj
e:\redengine\infrared\obj\win32\debug\textures.obj
e:\redengine\infrared\obj\win32\debug\text.obj
e:\redengine\infrared\obj\win32\debug\shapes.obj
e:\redengine\infrared\obj\win32\debug\rglfw.obj
e:\redengine\infrared\obj\win32\debug\models.obj
e:\redengine\infrared\obj\win32\debug\core.obj
e:\redengine\infrared\obj\win32\debug\raudio.obj
e:\redengine\infrared\bin\win32\debug\raylib.lib
e:\redengine\infrared\obj\win32\debug\raylib.res
e:\redengine\infrared\\bin\win32\debug\raylib.pdb
e:\redengine\infrared\\bin\win32\debug\raylib.lib
e:\redengine\infrared\obj\win32\debug\raylib.tlog\cl.command.1.tlog
e:\redengine\infrared\obj\win32\debug\raylib.tlog\cl.read.1.tlog
e:\redengine\infrared\obj\win32\debug\raylib.tlog\cl.write.1.tlog
e:\redengine\infrared\obj\win32\debug\raylib.tlog\lib-link-cvtres.read.1.tlog
e:\redengine\infrared\obj\win32\debug\raylib.tlog\lib-link-cvtres.write.1.tlog
e:\redengine\infrared\obj\win32\debug\raylib.tlog\lib.command.1.tlog
e:\redengine\infrared\obj\win32\debug\raylib.tlog\rc.command.1.tlog
e:\redengine\infrared\obj\win32\debug\raylib.tlog\rc.read.1.tlog
e:\redengine\infrared\obj\win32\debug\raylib.tlog\rc.write.1.tlog
