e:\redengine\redengine\_deps\raylib-build\src\raylib_static.dir\debug\raylib_static.pdb
e:\redengine\redengine\_deps\raylib-build\src\raylib_static.dir\debug\utils.obj
e:\redengine\redengine\_deps\raylib-build\src\raylib_static.dir\debug\textures.obj
e:\redengine\redengine\_deps\raylib-build\src\raylib_static.dir\debug\text.obj
e:\redengine\redengine\_deps\raylib-build\src\raylib_static.dir\debug\shapes.obj
e:\redengine\redengine\_deps\raylib-build\src\raylib_static.dir\debug\raudio.obj
e:\redengine\redengine\_deps\raylib-build\src\raylib_static.dir\debug\models.obj
e:\redengine\redengine\_deps\raylib-build\src\raylib_static.dir\debug\core.obj
e:\redengine\redengine\_deps\raylib-build\src\cmakefiles\generate.stamp
e:\redengine\redengine\_deps\raylib-build\src\debug\raylib_static.lib
e:\redengine\redengine\_deps\raylib-build\src\debug\raylib_static.pdb
e:\redengine\redengine\_deps\raylib-build\src\raylib_static.dir\debug\raylib_static.tlog\cl.command.1.tlog
e:\redengine\redengine\_deps\raylib-build\src\raylib_static.dir\debug\raylib_static.tlog\cl.read.1.tlog
e:\redengine\redengine\_deps\raylib-build\src\raylib_static.dir\debug\raylib_static.tlog\cl.write.1.tlog
e:\redengine\redengine\_deps\raylib-build\src\raylib_static.dir\debug\raylib_static.tlog\custombuild.command.1.tlog
e:\redengine\redengine\_deps\raylib-build\src\raylib_static.dir\debug\raylib_static.tlog\custombuild.read.1.tlog
e:\redengine\redengine\_deps\raylib-build\src\raylib_static.dir\debug\raylib_static.tlog\custombuild.write.1.tlog
e:\redengine\redengine\_deps\raylib-build\src\raylib_static.dir\debug\raylib_static.tlog\lib-link.read.1.tlog
e:\redengine\redengine\_deps\raylib-build\src\raylib_static.dir\debug\raylib_static.tlog\lib-link.write.1.tlog
e:\redengine\redengine\_deps\raylib-build\src\raylib_static.dir\debug\raylib_static.tlog\lib.command.1.tlog
