Performing C SOURCE FILE Test CMAKE_HAVE_LIBC_PTHREAD failed with the following output:
Change Dir: /home/redy9567/RedEngine/raylib-build/CMakeFiles/CMakeTmp

Run Build Command(s):/usr/bin/make cmTC_e41b8/fast && /usr/bin/make -f CMakeFiles/cmTC_e41b8.dir/build.make CMakeFiles/cmTC_e41b8.dir/build
make[1]: Entering directory '/home/redy9567/RedEngine/raylib-build/CMakeFiles/CMakeTmp'
Building C object CMakeFiles/cmTC_e41b8.dir/src.c.o
/usr/bin/cc   -fno-strict-aliasing -Werror=implicit-function-declaration -Werror=pointer-arith  -DCMAKE_HAVE_LIBC_PTHREAD   -o CMakeFiles/cmTC_e41b8.dir/src.c.o   -c /home/redy9567/RedEngine/raylib-build/CMakeFiles/CMakeTmp/src.c
Linking C executable cmTC_e41b8
/usr/bin/cmake -E cmake_link_script CMakeFiles/cmTC_e41b8.dir/link.txt --verbose=1
/usr/bin/cc -fno-strict-aliasing -Werror=implicit-function-declaration -Werror=pointer-arith  -DCMAKE_HAVE_LIBC_PTHREAD    -rdynamic CMakeFiles/cmTC_e41b8.dir/src.c.o  -o cmTC_e41b8 
/usr/bin/ld: CMakeFiles/cmTC_e41b8.dir/src.c.o: in function `main':
src.c:(.text+0x46): undefined reference to `pthread_create'
/usr/bin/ld: src.c:(.text+0x52): undefined reference to `pthread_detach'
/usr/bin/ld: src.c:(.text+0x63): undefined reference to `pthread_join'
collect2: error: ld returned 1 exit status
make[1]: *** [CMakeFiles/cmTC_e41b8.dir/build.make:87: cmTC_e41b8] Error 1
make[1]: Leaving directory '/home/redy9567/RedEngine/raylib-build/CMakeFiles/CMakeTmp'
make: *** [Makefile:121: cmTC_e41b8/fast] Error 2


Source file was:
#include <pthread.h>

void* test_func(void* data)
{
  return data;
}

int main(void)
{
  pthread_t thread;
  pthread_create(&thread, NULL, test_func, NULL);
  pthread_detach(thread);
  pthread_join(thread, NULL);
  pthread_atfork(NULL, NULL, NULL);
  pthread_exit(NULL);

  return 0;
}

Determining if the function pthread_create exists in the pthreads failed with the following output:
Change Dir: /home/redy9567/RedEngine/raylib-build/CMakeFiles/CMakeTmp

Run Build Command(s):/usr/bin/make cmTC_87d21/fast && /usr/bin/make -f CMakeFiles/cmTC_87d21.dir/build.make CMakeFiles/cmTC_87d21.dir/build
make[1]: Entering directory '/home/redy9567/RedEngine/raylib-build/CMakeFiles/CMakeTmp'
Building C object CMakeFiles/cmTC_87d21.dir/CheckFunctionExists.c.o
/usr/bin/cc   -fno-strict-aliasing -Werror=implicit-function-declaration -Werror=pointer-arith  -DCHECK_FUNCTION_EXISTS=pthread_create   -std=gnu99 -o CMakeFiles/cmTC_87d21.dir/CheckFunctionExists.c.o   -c /usr/share/cmake-3.16/Modules/CheckFunctionExists.c
Linking C executable cmTC_87d21
/usr/bin/cmake -E cmake_link_script CMakeFiles/cmTC_87d21.dir/link.txt --verbose=1
/usr/bin/cc -fno-strict-aliasing -Werror=implicit-function-declaration -Werror=pointer-arith  -DCHECK_FUNCTION_EXISTS=pthread_create    CMakeFiles/cmTC_87d21.dir/CheckFunctionExists.c.o  -o cmTC_87d21  -lpthreads 
/usr/bin/ld: cannot find -lpthreads
collect2: error: ld returned 1 exit status
make[1]: *** [CMakeFiles/cmTC_87d21.dir/build.make:87: cmTC_87d21] Error 1
make[1]: Leaving directory '/home/redy9567/RedEngine/raylib-build/CMakeFiles/CMakeTmp'
make: *** [Makefile:121: cmTC_87d21/fast] Error 2



