Performing C SOURCE FILE Test CMAKE_HAVE_LIBC_PTHREAD failed with the following output:
Change Dir: /home/redy9567/RedEngine/SampleGame-build/CMakeFiles/CMakeTmp

Run Build Command(s):/usr/bin/make cmTC_91908/fast && /usr/bin/make -f CMakeFiles/cmTC_91908.dir/build.make CMakeFiles/cmTC_91908.dir/build
make[1]: Entering directory '/home/redy9567/RedEngine/SampleGame-build/CMakeFiles/CMakeTmp'
Building C object CMakeFiles/cmTC_91908.dir/src.c.o
/usr/bin/cc   -fno-strict-aliasing -Werror=implicit-function-declaration -Werror=pointer-arith  -DCMAKE_HAVE_LIBC_PTHREAD   -o CMakeFiles/cmTC_91908.dir/src.c.o   -c /home/redy9567/RedEngine/SampleGame-build/CMakeFiles/CMakeTmp/src.c
Linking C executable cmTC_91908
/usr/bin/cmake -E cmake_link_script CMakeFiles/cmTC_91908.dir/link.txt --verbose=1
/usr/bin/cc -fno-strict-aliasing -Werror=implicit-function-declaration -Werror=pointer-arith  -DCMAKE_HAVE_LIBC_PTHREAD    -rdynamic CMakeFiles/cmTC_91908.dir/src.c.o  -o cmTC_91908 
/usr/bin/ld: CMakeFiles/cmTC_91908.dir/src.c.o: in function `main':
src.c:(.text+0x46): undefined reference to `pthread_create'
/usr/bin/ld: src.c:(.text+0x52): undefined reference to `pthread_detach'
/usr/bin/ld: src.c:(.text+0x63): undefined reference to `pthread_join'
collect2: error: ld returned 1 exit status
make[1]: *** [CMakeFiles/cmTC_91908.dir/build.make:87: cmTC_91908] Error 1
make[1]: Leaving directory '/home/redy9567/RedEngine/SampleGame-build/CMakeFiles/CMakeTmp'
make: *** [Makefile:121: cmTC_91908/fast] Error 2


Source file was:
#include <pthread.h>

void* test_func(void* data)
{
  return data;
}

int main(void)
{
  pthread_t thread;
  pthread_create(&thread, NULL, test_func, NULL);
  pthread_detach(thread);
  pthread_join(thread, NULL);
  pthread_atfork(NULL, NULL, NULL);
  pthread_exit(NULL);

  return 0;
}

Determining if the function pthread_create exists in the pthreads failed with the following output:
Change Dir: /home/redy9567/RedEngine/SampleGame-build/CMakeFiles/CMakeTmp

Run Build Command(s):/usr/bin/make cmTC_653fd/fast && /usr/bin/make -f CMakeFiles/cmTC_653fd.dir/build.make CMakeFiles/cmTC_653fd.dir/build
make[1]: Entering directory '/home/redy9567/RedEngine/SampleGame-build/CMakeFiles/CMakeTmp'
Building C object CMakeFiles/cmTC_653fd.dir/CheckFunctionExists.c.o
/usr/bin/cc   -fno-strict-aliasing -Werror=implicit-function-declaration -Werror=pointer-arith  -DCHECK_FUNCTION_EXISTS=pthread_create   -std=gnu99 -o CMakeFiles/cmTC_653fd.dir/CheckFunctionExists.c.o   -c /usr/share/cmake-3.16/Modules/CheckFunctionExists.c
Linking C executable cmTC_653fd
/usr/bin/cmake -E cmake_link_script CMakeFiles/cmTC_653fd.dir/link.txt --verbose=1
/usr/bin/cc -fno-strict-aliasing -Werror=implicit-function-declaration -Werror=pointer-arith  -DCHECK_FUNCTION_EXISTS=pthread_create    CMakeFiles/cmTC_653fd.dir/CheckFunctionExists.c.o  -o cmTC_653fd  -lpthreads 
/usr/bin/ld: cannot find -lpthreads
collect2: error: ld returned 1 exit status
make[1]: *** [CMakeFiles/cmTC_653fd.dir/build.make:87: cmTC_653fd] Error 1
make[1]: Leaving directory '/home/redy9567/RedEngine/SampleGame-build/CMakeFiles/CMakeTmp'
make: *** [Makefile:121: cmTC_653fd/fast] Error 2



