  Checking Build System
  CMake is re-running because E:/RedEngine/RedEngine/_deps/raylib-build/raylib/CMakeFiles/generate.stamp is out-of-date.
    the file 'E:/RedEngine/RedEngine/_deps/raylib-src/src/CMakeLists.txt'
    is newer than 'E:/RedEngine/RedEngine/_deps/raylib-build/raylib/CMakeFiles/generate.stamp.depend'
    result='-1'
  -- Selecting Windows SDK version 10.0.19041.0 to target Windows 10.0.19042.
  -- Populating raylib
  -- Selecting Windows SDK version 10.0.19041.0 to target Windows 10.0.19042.
  -- Configuring done
  -- Generating done
  -- Build files have been written to: E:/RedEngine/RedEngine/_deps/raylib-subbuild
  Microsoft (R) Build Engine version 16.9.0+5e4b48a27 for .NET Framework
  Copyright (C) Microsoft Corporation. All rights reserved.
  
    Performing update step for 'raylib-populate'
    No patch step for 'raylib-populate'
    No configure step for 'raylib-populate'
    No build step for 'raylib-populate'
    No install step for 'raylib-populate'
    No test step for 'raylib-populate'
    Completed 'raylib-populate'
  -- Testing if -Werror=pointer-arith can be used -- Failed
  -- Testing if -Werror=implicit-function-declaration can be used -- Failed
  -- Testing if -fno-strict-aliasing can be used -- Failed
  -- Using raylib's GLFW
  -- Using Win32 for window creation
  -- Audio Backend: miniaudio
  -- Building raylib static library
  -- Generated config types: Debug;Release;MinSizeRel;RelWithDebInfo
  -- Compiling with the flags:
  --   PLATFORM=PLATFORM_DESKTOP
  --   GRAPHICS=GRAPHICS_API_OPENGL_33
  -- Populating raylib-cpp
  -- Selecting Windows SDK version 10.0.19041.0 to target Windows 10.0.19042.
  -- Configuring done
  -- Generating done
  -- Build files have been written to: E:/RedEngine/RedEngine/_deps/raylib-cpp-subbuild
  Microsoft (R) Build Engine version 16.9.0+5e4b48a27 for .NET Framework
  Copyright (C) Microsoft Corporation. All rights reserved.
  
  -- Configuring done
  -- Generating done
  -- Build files have been written to: E:/RedEngine/RedEngine
